This is pdfTeX, Version 3.1415926-2.5-1.40.14 (TeX Live 2013/Debian) (format=pdflatex 2016.10.27)  7 FEB 2017 10:37
entering extended mode
 restricted \write18 enabled.
 %&-line parsing enabled.
**report.tex
(./report.tex
LaTeX2e <2011/06/27>
Babel <3.9h> and hyphenation patterns for 78 languages loaded.
(/usr/share/texlive/texmf-dist/tex/latex/base/article.cls
Document Class: article 2007/10/19 v1.4h Standard LaTeX document class
(/usr/share/texlive/texmf-dist/tex/latex/base/size12.clo
File: size12.clo 2007/10/19 v1.4h Standard LaTeX file (size option)
)
\c@part=\count79
\c@section=\count80
\c@subsection=\count81
\c@subsubsection=\count82
\c@paragraph=\count83
\c@subparagraph=\count84
\c@figure=\count85
\c@table=\count86
\abovecaptionskip=\skip41
\belowcaptionskip=\skip42
\bibindent=\dimen102
)
(/usr/share/texlive/texmf-dist/tex/latex/amsmath/amsmath.sty
Package: amsmath 2013/01/14 v2.14 AMS math features
\@mathmargin=\skip43

For additional information on amsmath, use the `?' option.
(/usr/share/texlive/texmf-dist/tex/latex/amsmath/amstext.sty
Package: amstext 2000/06/29 v2.01

(/usr/share/texlive/texmf-dist/tex/latex/amsmath/amsgen.sty
File: amsgen.sty 1999/11/30 v2.0
\@emptytoks=\toks14
\ex@=\dimen103
))
(/usr/share/texlive/texmf-dist/tex/latex/amsmath/amsbsy.sty
Package: amsbsy 1999/11/29 v1.2d
\pmbraise@=\dimen104
)
(/usr/share/texlive/texmf-dist/tex/latex/amsmath/amsopn.sty
Package: amsopn 1999/12/14 v2.01 operator names
)
\inf@bad=\count87
LaTeX Info: Redefining \frac on input line 210.
\uproot@=\count88
\leftroot@=\count89
LaTeX Info: Redefining \overline on input line 306.
\classnum@=\count90
\DOTSCASE@=\count91
LaTeX Info: Redefining \ldots on input line 378.
LaTeX Info: Redefining \dots on input line 381.
LaTeX Info: Redefining \cdots on input line 466.
\Mathstrutbox@=\box26
\strutbox@=\box27
\big@size=\dimen105
LaTeX Font Info:    Redeclaring font encoding OML on input line 566.
LaTeX Font Info:    Redeclaring font encoding OMS on input line 567.
\macc@depth=\count92
\c@MaxMatrixCols=\count93
\dotsspace@=\muskip10
\c@parentequation=\count94
\dspbrk@lvl=\count95
\tag@help=\toks15
\row@=\count96
\column@=\count97
\maxfields@=\count98
\andhelp@=\toks16
\eqnshift@=\dimen106
\alignsep@=\dimen107
\tagshift@=\dimen108
\tagwidth@=\dimen109
\totwidth@=\dimen110
\lineht@=\dimen111
\@envbody=\toks17
\multlinegap=\skip44
\multlinetaggap=\skip45
\mathdisplay@stack=\toks18
LaTeX Info: Redefining \[ on input line 2665.
LaTeX Info: Redefining \] on input line 2666.
)
(/usr/share/texlive/texmf-dist/tex/latex/amsfonts/amssymb.sty
Package: amssymb 2013/01/14 v3.01 AMS font symbols

(/usr/share/texlive/texmf-dist/tex/latex/amsfonts/amsfonts.sty
Package: amsfonts 2013/01/14 v3.01 Basic AMSFonts support
\symAMSa=\mathgroup4
\symAMSb=\mathgroup5
LaTeX Font Info:    Overwriting math alphabet `\mathfrak' in version `bold'
(Font)                  U/euf/m/n --> U/euf/b/n on input line 106.
))
(/usr/share/texlive/texmf-dist/tex/latex/amscls/amsthm.sty
Package: amsthm 2004/08/06 v2.20
\thm@style=\toks19
\thm@bodyfont=\toks20
\thm@headfont=\toks21
\thm@notefont=\toks22
\thm@headpunct=\toks23
\thm@preskip=\skip46
\thm@postskip=\skip47
\thm@headsep=\skip48
\dth@everypar=\toks24
)
(/usr/share/texlive/texmf-dist/tex/latex/jknapltx/mathrsfs.sty
Package: mathrsfs 1996/01/01 Math RSFS package v1.0 (jk)
\symrsfs=\mathgroup6
)
(/usr/share/texlive/texmf-dist/tex/latex/graphics/graphicx.sty
Package: graphicx 1999/02/16 v1.0f Enhanced LaTeX Graphics (DPC,SPQR)

(/usr/share/texlive/texmf-dist/tex/latex/graphics/keyval.sty
Package: keyval 1999/03/16 v1.13 key=value parser (DPC)
\KV@toks@=\toks25
)
(/usr/share/texlive/texmf-dist/tex/latex/graphics/graphics.sty
Package: graphics 2009/02/05 v1.0o Standard LaTeX Graphics (DPC,SPQR)

(/usr/share/texlive/texmf-dist/tex/latex/graphics/trig.sty
Package: trig 1999/03/16 v1.09 sin cos tan (DPC)
)
(/usr/share/texlive/texmf-dist/tex/latex/latexconfig/graphics.cfg
File: graphics.cfg 2010/04/23 v1.9 graphics configuration of TeX Live
)
Package graphics Info: Driver file: pdftex.def on input line 91.

(/usr/share/texlive/texmf-dist/tex/latex/pdftex-def/pdftex.def
File: pdftex.def 2011/05/27 v0.06d Graphics/color for pdfTeX

(/usr/share/texlive/texmf-dist/tex/generic/oberdiek/infwarerr.sty
Package: infwarerr 2010/04/08 v1.3 Providing info/warning/error messages (HO)
)
(/usr/share/texlive/texmf-dist/tex/generic/oberdiek/ltxcmds.sty
Package: ltxcmds 2011/11/09 v1.22 LaTeX kernel commands for general use (HO)
)
\Gread@gobject=\count99
))
\Gin@req@height=\dimen112
\Gin@req@width=\dimen113
)
(/usr/share/texlive/texmf-dist/tex/latex/titlesec/titlesec.sty
Package: titlesec 2011/12/15 v2.10.0 Sectioning titles
\ttl@box=\box28
\beforetitleunit=\skip49
\aftertitleunit=\skip50
\ttl@plus=\dimen114
\ttl@minus=\dimen115
\ttl@toksa=\toks26
\titlewidth=\dimen116
\titlewidthlast=\dimen117
\titlewidthfirst=\dimen118
)
(/usr/share/texlive/texmf-dist/tex/latex/algorithms/algorithm.sty
Package: algorithm 2009/08/24 v0.1 Document Style `algorithm' - floating enviro
nment

(/usr/share/texlive/texmf-dist/tex/latex/float/float.sty
Package: float 2001/11/08 v1.3d Float enhancements (AL)
\c@float@type=\count100
\float@exts=\toks27
\float@box=\box29
\@float@everytoks=\toks28
\@floatcapt=\box30
)
(/usr/share/texlive/texmf-dist/tex/latex/base/ifthen.sty
Package: ifthen 2001/05/26 v1.1c Standard LaTeX ifthen package (DPC)
)
\@float@every@algorithm=\toks29
\c@algorithm=\count101
)
(/usr/share/texlive/texmf-dist/tex/latex/graphics/color.sty
Package: color 2005/11/14 v1.0j Standard LaTeX Color (DPC)

(/usr/share/texlive/texmf-dist/tex/latex/latexconfig/color.cfg
File: color.cfg 2007/01/18 v1.5 color configuration of teTeX/TeXLive
)
Package color Info: Driver file: pdftex.def on input line 130.
)
(/usr/share/texlive/texmf-dist/tex/latex/rotating/rotating.sty
Package: rotating 2009/03/28 v2.16a rotated objects in LaTeX
\c@r@tfl@t=\count102
\rotFPtop=\skip51
\rotFPbot=\skip52
\rot@float@box=\box31
\rot@mess@toks=\toks30
)
(/usr/share/texlive/texmf-dist/tex/latex/url/url.sty
\Urlmuskip=\muskip11
Package: url 2013/09/16  ver 3.4  Verb mode for urls, etc.
)
(/usr/share/texlive/texmf-dist/tex/latex/fancyhdr/fancyhdr.sty
\fancy@headwidth=\skip53
\f@ncyO@elh=\skip54
\f@ncyO@erh=\skip55
\f@ncyO@olh=\skip56
\f@ncyO@orh=\skip57
\f@ncyO@elf=\skip58
\f@ncyO@erf=\skip59
\f@ncyO@olf=\skip60
\f@ncyO@orf=\skip61
)
(/usr/share/texlive/texmf-dist/tex/latex/algorithmicx/algorithmicx.sty
Package: algorithmicx 2005/04/27 v1.2 Algorithmicx

Document Style algorithmicx 1.2 - a greatly improved `algorithmic' style
\c@ALG@line=\count103
\c@ALG@rem=\count104
\c@ALG@nested=\count105
\ALG@tlm=\skip62
\ALG@thistlm=\skip63
\c@ALG@Lnr=\count106
\c@ALG@blocknr=\count107
\c@ALG@storecount=\count108
\c@ALG@tmpcounter=\count109
\ALG@tmplength=\skip64
) (/usr/share/texlive/texmf-dist/tex/latex/algorithmicx/algpseudocode.sty
Package: algpseudocode 

Document Style - pseudocode environments for use with the `algorithmicx' style
)

LaTeX Warning: Unused global option(s):
    [times].

(./report.aux)
\openout1 = `report.aux'.

LaTeX Font Info:    Checking defaults for OML/cmm/m/it on input line 30.
LaTeX Font Info:    ... okay on input line 30.
LaTeX Font Info:    Checking defaults for T1/cmr/m/n on input line 30.
LaTeX Font Info:    ... okay on input line 30.
LaTeX Font Info:    Checking defaults for OT1/cmr/m/n on input line 30.
LaTeX Font Info:    ... okay on input line 30.
LaTeX Font Info:    Checking defaults for OMS/cmsy/m/n on input line 30.
LaTeX Font Info:    ... okay on input line 30.
LaTeX Font Info:    Checking defaults for OMX/cmex/m/n on input line 30.
LaTeX Font Info:    ... okay on input line 30.
LaTeX Font Info:    Checking defaults for U/cmr/m/n on input line 30.
LaTeX Font Info:    ... okay on input line 30.
 (/usr/share/texlive/texmf-dist/tex/context/base/supp-pdf.mkii
[Loading MPS to PDF converter (version 2006.09.02).]
\scratchcounter=\count110
\scratchdimen=\dimen119
\scratchbox=\box32
\nofMPsegments=\count111
\nofMParguments=\count112
\everyMPshowfont=\toks31
\MPscratchCnt=\count113
\MPscratchDim=\dimen120
\MPnumerator=\count114
\makeMPintoPDFobject=\count115
\everyMPtoPDFconversion=\toks32
) (/usr/share/texlive/texmf-dist/tex/generic/oberdiek/pdftexcmds.sty
Package: pdftexcmds 2011/11/29 v0.20 Utility functions of pdfTeX for LuaTeX (HO
)

(/usr/share/texlive/texmf-dist/tex/generic/oberdiek/ifluatex.sty
Package: ifluatex 2010/03/01 v1.3 Provides the ifluatex switch (HO)
Package ifluatex Info: LuaTeX not detected.
)
(/usr/share/texlive/texmf-dist/tex/generic/oberdiek/ifpdf.sty
Package: ifpdf 2011/01/30 v2.3 Provides the ifpdf switch (HO)
Package ifpdf Info: pdfTeX in PDF mode is detected.
)
Package pdftexcmds Info: LuaTeX not detected.
Package pdftexcmds Info: \pdf@primitive is available.
Package pdftexcmds Info: \pdf@ifprimitive is available.
Package pdftexcmds Info: \pdfdraftmode found.
)
(/usr/share/texlive/texmf-dist/tex/latex/oberdiek/epstopdf-base.sty
Package: epstopdf-base 2010/02/09 v2.5 Base part for package epstopdf

(/usr/share/texlive/texmf-dist/tex/latex/oberdiek/grfext.sty
Package: grfext 2010/08/19 v1.1 Manage graphics extensions (HO)

(/usr/share/texlive/texmf-dist/tex/generic/oberdiek/kvdefinekeys.sty
Package: kvdefinekeys 2011/04/07 v1.3 Define keys (HO)
))
(/usr/share/texlive/texmf-dist/tex/latex/oberdiek/kvoptions.sty
Package: kvoptions 2011/06/30 v3.11 Key value format for package options (HO)

(/usr/share/texlive/texmf-dist/tex/generic/oberdiek/kvsetkeys.sty
Package: kvsetkeys 2012/04/25 v1.16 Key value parser (HO)

(/usr/share/texlive/texmf-dist/tex/generic/oberdiek/etexcmds.sty
Package: etexcmds 2011/02/16 v1.5 Avoid name clashes with e-TeX commands (HO)
Package etexcmds Info: Could not find \expanded.
(etexcmds)             That can mean that you are not using pdfTeX 1.50 or
(etexcmds)             that some package has redefined \expanded.
(etexcmds)             In the latter case, load this package earlier.
)))
Package grfext Info: Graphics extension search list:
(grfext)             [.png,.pdf,.jpg,.mps,.jpeg,.jbig2,.jb2,.PNG,.PDF,.JPG,.JPE
G,.JBIG2,.JB2,.eps]
(grfext)             \AppendGraphicsExtensions on input line 452.

(/usr/share/texlive/texmf-dist/tex/latex/latexconfig/epstopdf-sys.cfg
File: epstopdf-sys.cfg 2010/07/13 v1.3 Configuration of (r)epstopdf for TeX Liv
e
))

LaTeX Font Warning: Font shape `OT1/cmr/m/n' in size <22> not available
(Font)              size <20.74> substituted on input line 35.


LaTeX Font Warning: Font shape `OT1/cmr/bx/n' in size <22> not available
(Font)              size <20.74> substituted on input line 35.


LaTeX Font Warning: Font shape `OT1/cmr/bx/n' in size <16> not available
(Font)              size <17.28> substituted on input line 40.

LaTeX Font Info:    Calculating math sizes for size <16> on input line 40.

LaTeX Font Warning: Font shape `OT1/cmr/m/n' in size <16> not available
(Font)              size <17.28> substituted on input line 40.


LaTeX Font Warning: Font shape `OML/cmm/m/it' in size <16> not available
(Font)              size <17.28> substituted on input line 40.


LaTeX Font Warning: Font shape `OMS/cmsy/m/n' in size <16> not available
(Font)              size <17.28> substituted on input line 40.

LaTeX Font Info:    Try loading font information for U+msa on input line 40.
(/usr/share/texlive/texmf-dist/tex/latex/amsfonts/umsa.fd
File: umsa.fd 2013/01/14 v3.01 AMS symbols A
)
LaTeX Font Info:    Try loading font information for U+msb on input line 40.

(/usr/share/texlive/texmf-dist/tex/latex/amsfonts/umsb.fd
File: umsb.fd 2013/01/14 v3.01 AMS symbols B
)
LaTeX Font Info:    Try loading font information for U+rsfs on input line 40.

(/usr/share/texlive/texmf-dist/tex/latex/jknapltx/ursfs.fd
File: ursfs.fd 1998/03/24 rsfs font definition file (jk)
)

LaTeX Font Warning: Font shape `U/rsfs/m/n' in size <16> not available
(Font)              size <17.28> substituted on input line 40.

[1

{/var/lib/texmf/fonts/map/pdftex/updmap/pdftex.map}]

LaTeX Warning: Citation `AlonsoMarroqu2013' on page 2 undefined on input line 6
4.


LaTeX Warning: Citation `Alvarez2007' on page 2 undefined on input line 64.


LaTeX Warning: Citation `Koziara2005' on page 2 undefined on input line 64.


LaTeX Warning: Citation `Krestenitis2015' on page 2 undefined on input line 64.



LaTeX Warning: Citation `Dongarra2011' on page 2 undefined on input line 66.


LaTeX Warning: Citation `Alvarez2007' on page 2 undefined on input line 66.


LaTeX Warning: Citation `Gonnet2013' on page 2 undefined on input line 70.


LaTeX Warning: Citation `Gonnet2014' on page 2 undefined on input line 70.


LaTeX Warning: Citation `Girolami2012' on page 2 undefined on input line 70.


LaTeX Warning: Citation `Iglberger2009' on page 2 undefined on input line 70.


LaTeX Warning: Citation `Iglberger2010' on page 2 undefined on input line 70.


LaTeX Warning: Citation `Iglberger2011' on page 2 undefined on input line 70.


LaTeX Warning: Citation `Ericson2005' on page 2 undefined on input line 70.


LaTeX Warning: Citation `Koziara2008' on page 2 undefined on input line 70.


LaTeX Warning: Citation `koziara2011' on page 2 undefined on input line 70.


LaTeX Warning: Citation `Krestenitis2015' on page 2 undefined on input line 70.



LaTeX Warning: Citation `Ericson2005' on page 2 undefined on input line 70.


LaTeX Warning: Citation `Krestenitis2015' on page 2 undefined on input line 70.


[2

]
LaTeX Font Info:    Try loading font information for OMS+cmr on input line 77.
 (/usr/share/texlive/texmf-dist/tex/latex/base/omscmr.fd
File: omscmr.fd 1999/05/25 v2.5h Standard LaTeX font definitions
)
LaTeX Font Info:    Font shape `OMS/cmr/m/n' in size <12> not available
(Font)              Font shape `OMS/cmsy/m/n' tried instead on input line 77.


LaTeX Warning: Citation `Koziara2010' on page 3 undefined on input line 82.


LaTeX Warning: Citation `Wachs2012' on page 3 undefined on input line 82.


LaTeX Warning: Citation `AlonsoMarroqu2013' on page 3 undefined on input line 8
2.


LaTeX Warning: Citation `Girolami2012' on page 3 undefined on input line 82.


LaTeX Warning: Citation `Eichenberger2004' on page 3 undefined on input line 82
.


LaTeX Warning: Citation `Juurlink' on page 3 undefined on input line 82.


LaTeX Warning: Citation `Krestenitis2015' on page 3 undefined on input line 82.



LaTeX Warning: Citation `Krestenitis2016' on page 3 undefined on input line 82.



LaTeX Warning: Citation `Krestenitis2015' on page 3 undefined on input line 84.


[3]

LaTeX Warning: Citation `Koziara2008' on page 4 undefined on input line 145.


LaTeX Warning: Citation `solberg2000' on page 4 undefined on input line 145.


LaTeX Warning: Citation `Wachs2012' on page 4 undefined on input line 145.


LaTeX Warning: Citation `Williams1999' on page 4 undefined on input line 145.

[4

]

LaTeX Warning: Citation `Eckhardt2014' on page 5 undefined on input line 153.


LaTeX Warning: Citation `Fleissner' on page 5 undefined on input line 154.


LaTeX Warning: Citation `Eckhardt2014' on page 5 undefined on input line 154.


LaTeX Warning: Citation `Software:Peano' on page 5 undefined on input line 196.



LaTeX Warning: Citation `Weinzierl:16:PIC' on page 5 undefined on input line 20
5.


LaTeX Warning: Reference `algorithm:dem-blueprint' on page 5 undefined on input
 line 220.


LaTeX Warning: Citation `Weinzierl:2009:Diss' on page 5 undefined on input line
 222.


LaTeX Warning: Citation `Weinzierl:11:Peano' on page 5 undefined on input line 
222.

<sketches/collision-cube.pdf, id=21, 371.08638pt x 336.9267pt>
File: sketches/collision-cube.pdf Graphic file (type pdf)

<use sketches/collision-cube.pdf>
Package pdftex.def Info: sketches/collision-cube.pdf used on input line 229.
(pdftex.def)             Requested size: 113.81102pt x 103.33571pt.

<experiments/two-bodies/visualisation/adaptive-grid01.png, id=22, 919.435pt x 8
09.0225pt>
File: experiments/two-bodies/visualisation/adaptive-grid01.png Graphic file (ty
pe png)
 <use experiments/two-bodies/visualisation/adaptive-grid01.png>
Package pdftex.def Info: experiments/two-bodies/visualisation/adaptive-grid01.p
ng used on input line 231.
(pdftex.def)             Requested size: 136.5746pt x 120.16304pt.

<sketches/multigrid.pdf, id=23, 500.14809pt x 381.02461pt>
File: sketches/multigrid.pdf Graphic file (type pdf)

<use sketches/multigrid.pdf>
Package pdftex.def Info: sketches/multigrid.pdf used on input line 233.
(pdftex.def)             Requested size: 136.5746pt x 104.04662pt.
 [5

]
Underfull \hbox (badness 7486) in paragraph at lines 252--258
[]\OT1/cmr/m/n/12 We then write down the al-go-rithm as a set of events, i.e. w
e spec-ify
 []


Underfull \hbox (badness 3536) in paragraph at lines 252--258
\OT1/cmr/m/n/12 which op-er-a-tions are per-formed if a ver-tex is read for the
 very first time
 []

[6 <./sketches/collision-cube.pdf> <./experiments/two-bodies/visualisation/adap
tive-grid01.png> <./sketches/multigrid.pdf

pdfTeX warning: pdflatex (file ./sketches/multigrid.pdf): PDF inclusion: multip
le pdfs with page group included in a single page
>]

LaTeX Warning: Citation `Plimpton1995' on page 7 undefined on input line 330.


LaTeX Warning: Citation `dime' on page 7 undefined on input line 351.


LaTeX Warning: Citation `Weinzierl:2009:Diss' on page 7 undefined on input line
 354.


LaTeX Warning: Citation `Weinzierl:11:Peano' on page 7 undefined on input line 
354.

[7]

LaTeX Warning: Citation `Plimpton1995' on page 8 undefined on input line 362.


Underfull \hbox (badness 3009) in paragraph at lines 371--383
[]\OT1/cmr/bx/n/12 Dynamically adap-tive grid. \OT1/cmr/m/n/12 Our dy-nam-i-cal
ly adap-tive grid is char-ac-terised
 []


<experiments/two-bodies/visualisation/adaptive-grid00.png, id=40, 1181.41376pt 
x 809.0225pt>
File: experiments/two-bodies/visualisation/adaptive-grid00.png Graphic file (ty
pe png)
 <use experiments/two-bodies/visualisation/adaptive-grid00.png>
Package pdftex.def Info: experiments/two-bodies/visualisation/adaptive-grid00.p
ng used on input line 386.
(pdftex.def)             Requested size: 182.09485pt x 124.69354pt.

<experiments/two-bodies/visualisation/reluctant-adaptive-grid00.png, id=41, 537
.00626pt x 555.07375pt>
File: experiments/two-bodies/visualisation/reluctant-adaptive-grid00.png Graphi
c file (type png)

<use experiments/two-bodies/visualisation/reluctant-adaptive-grid00.png>
Package pdftex.def Info: experiments/two-bodies/visualisation/reluctant-adaptiv
e-grid00.png used on input line 388.
(pdftex.def)             Requested size: 113.81102pt x 117.63611pt.

<experiments/two-bodies/visualisation/adaptive-grid02.png, id=42, 919.435pt x 8
09.0225pt>
File: experiments/two-bodies/visualisation/adaptive-grid02.png Graphic file (ty
pe png)
 <use experiments/two-bodies/visualisation/adaptive-grid02.png>
Package pdftex.def Info: experiments/two-bodies/visualisation/adaptive-grid02.p
ng used on input line 390.
(pdftex.def)             Requested size: 136.5746pt x 120.16304pt.

<experiments/two-bodies/visualisation/reluctant-adaptive-grid02.png, id=43, 537
.00626pt x 555.07375pt>
File: experiments/two-bodies/visualisation/reluctant-adaptive-grid02.png Graphi
c file (type png)

<use experiments/two-bodies/visualisation/reluctant-adaptive-grid02.png>
Package pdftex.def Info: experiments/two-bodies/visualisation/reluctant-adaptiv
e-grid02.png used on input line 392.
(pdftex.def)             Requested size: 136.5746pt x 141.16502pt.


LaTeX Warning: Citation `Knuth71' on page 8 undefined on input line 426.

[8] [9 <./experiments/two-bodies/visualisation/adaptive-grid00.png> <./experime
nts/two-bodies/visualisation/reluctant-adaptive-grid00.png> <./experiments/two-
bodies/visualisation/adaptive-grid02.png> <./experiments/two-bodies/visualisati
on/reluctant-adaptive-grid02.png>]
Underfull \hbox (badness 10000) in paragraph at lines 470--471

 []


Underfull \hbox (badness 10000) in paragraph at lines 472--473

 []


Underfull \hbox (badness 10000) in paragraph at lines 474--475

 []


Underfull \hbox (badness 10000) in paragraph at lines 476--477

 []


<experiments/omp/omp_mesh_regular-reluctant_20.png, id=50, 1220.6403pt x 685.11
96pt>
File: experiments/omp/omp_mesh_regular-reluctant_20.png Graphic file (type png)

 <use experiments/omp/omp_mesh_regular-reluctant_20.png>
Package pdftex.def Info: experiments/omp/omp_mesh_regular-reluctant_20.png used
 on input line 504.
(pdftex.def)             Requested size: 455.24408pt x 255.51837pt.

<experiments/omp/omp_mesh_regular-reluctant_200.png, id=52, 1261.8342pt x 688.7
331pt>
File: experiments/omp/omp_mesh_regular-reluctant_200.png Graphic file (type png
)
 <use experiments/omp/omp_mesh_regular-reluctant_200.png>
Package pdftex.def Info: experiments/omp/omp_mesh_regular-reluctant_200.png use
d on input line 512.
(pdftex.def)             Requested size: 455.24408pt x 248.47969pt.


LaTeX Warning: Reference `omp_regular_reluctant_triangle_20' on page 10 undefin
ed on input line 520.


LaTeX Warning: Reference `omp_regular_reluctant_triangle_200' on page 10 undefi
ned on input line 520.


LaTeX Warning: Reference `omp_regular_reluctant_triangle_20' on page 10 undefin
ed on input line 520.


LaTeX Warning: Reference `omp_regular_reluctant_triangle_200' on page 10 undefi
ned on input line 520.

[10]
<experiments/omp/hbatches_omp_triangles_200.png, id=56, 857.8449pt x 600.5637pt
>
File: experiments/omp/hbatches_omp_triangles_200.png Graphic file (type png)
 <use experiments/omp/hbatches_omp_triangles_200.png>
Package pdftex.def Info: experiments/omp/hbatches_omp_triangles_200.png used on
 input line 524.
(pdftex.def)             Requested size: 364.19664pt x 254.97502pt.

<experiments/omp/htriangle_omp_triangles_200.png, id=57, 1256.7753pt x 640.3122
pt>
File: experiments/omp/htriangle_omp_triangles_200.png Graphic file (type png)
 <use experiments/omp/htriangle_omp_triangles_200.png>
Package pdftex.def Info: experiments/omp/htriangle_omp_triangles_200.png used o
n input line 535.
(pdftex.def)             Requested size: 364.19664pt x 185.549pt.

<experiments/omp/bf_vs_hbatches_omp_200.png, id=58, 1210.5225pt x 632.3625pt>
File: experiments/omp/bf_vs_hbatches_omp_200.png Graphic file (type png)

<use experiments/omp/bf_vs_hbatches_omp_200.png>
Package pdftex.def Info: experiments/omp/bf_vs_hbatches_omp_200.png used on inp
ut line 544.
(pdftex.def)             Requested size: 364.19664pt x 190.25056pt.


LaTeX Warning: Reference `figure:hbatches_htriangles_triangle_omp' on page 11 u
ndefined on input line 550.


LaTeX Warning: Reference `bfvshbatches_triangle_omp' on page 11 undefined on in
put line 550.

[11 <./experiments/omp/omp_mesh_regular-reluctant_20.png>]

LaTeX Warning: Reference `figure:particle_omp' on page 12 undefined on input li
ne 556.


<experiments/random/omp/particle_triangle_based_x0.png, id=63, 1429.5006pt x 72
1.2546pt>
File: experiments/random/omp/particle_triangle_based_x0.png Graphic file (type 
png)
 <use experiments/random/omp/particle_triangle_based_x0.png>
Package pdftex.def Info: experiments/random/omp/particle_triangle_based_x0.png 
used on input line 560.
(pdftex.def)             Requested size: 455.24408pt x 229.69463pt.

<experiments/random/omp/tbb_vs_serial.png, id=64, 1334.1042pt x 661.9932pt>
File: experiments/random/omp/tbb_vs_serial.png Graphic file (type png)

<use experiments/random/omp/tbb_vs_serial.png>
Package pdftex.def Info: experiments/random/omp/tbb_vs_serial.png used on input
 line 575.
(pdftex.def)             Requested size: 455.24408pt x 225.8929pt.

<experiments/random/omp/tbb_regular_x2.png, id=65, 1377.4662pt x 684.3969pt>
File: experiments/random/omp/tbb_regular_x2.png Graphic file (type png)

<use experiments/random/omp/tbb_regular_x2.png>
Package pdftex.def Info: experiments/random/omp/tbb_regular_x2.png used on inpu
t line 586.
(pdftex.def)             Requested size: 364.19664pt x 180.94658pt.
 [12 <./experiments/omp/omp_mesh_regular-reluctant_200.png>] [13 <./experiments
/omp/hbatches_omp_triangles_200.png>] [14 <./experiments/omp/htriangle_omp_tria
ngles_200.png> <./experiments/omp/bf_vs_hbatches_omp_200.png>] [15 <./experimen
ts/random/omp/particle_triangle_based_x0.png> <./experiments/random/omp/tbb_vs_
serial.png>] [16 <./experiments/random/omp/tbb_regular_x2.png>]

LaTeX Warning: Citation `Forum:1994:MMI:898758' on page 17 undefined on input l
ine 608.


LaTeX Warning: Citation `Eckhardt2014' on page 17 undefined on input line 612.


LaTeX Warning: Citation `Plimpton1995' on page 17 undefined on input line 612.


LaTeX Warning: Citation `koziara2011' on page 17 undefined on input line 614.


LaTeX Warning: Citation `Plimpton1995' on page 17 undefined on input line 614.


LaTeX Warning: Citation `Bowers2007' on page 17 undefined on input line 616.


LaTeX Warning: Citation `Gaburov' on page 17 undefined on input line 616.


LaTeX Warning: Citation `Gonnet2014' on page 17 undefined on input line 616.


LaTeX Warning: Citation `Plimpton1995' on page 17 undefined on input line 616.


LaTeX Warning: Citation `Rycroft2012' on page 17 undefined on input line 616.


LaTeX Warning: Citation `Shaw2005' on page 17 undefined on input line 616.

[17

]

LaTeX Warning: Citation `Eckhardt2014' on page 18 undefined on input line 618.


LaTeX Warning: Citation `Fleissner' on page 18 undefined on input line 618.


LaTeX Warning: Citation `Wachs2012a' on page 18 undefined on input line 618.


LaTeX Warning: Citation `zomorodian2002' on page 18 undefined on input line 618
.


LaTeX Warning: Citation `ZoltanIsorropiaOverview2012' on page 18 undefined on i
nput line 618.


LaTeX Warning: Reference `fig5' on page 18 undefined on input line 620.


LaTeX Warning: Citation `Brown2015' on page 18 undefined on input line 620.


LaTeX Warning: Reference `alg7' on page 18 undefined on input line 624.

[18] [19]
No file report.bbl.
(./report.aux)

LaTeX Font Warning: Size substitutions with differences
(Font)              up to 1.28pt have occurred.


LaTeX Warning: There were undefined references.

 ) 
Here is how much of TeX's memory you used:
 3867 strings out of 493304
 54381 string characters out of 6139870
 115630 words of memory out of 5000000
 7225 multiletter control sequences out of 15000+600000
 14498 words of font info for 57 fonts, out of 8000000 for 9000
 957 hyphenation exceptions out of 8191
 38i,6n,43p,1380b,273s stack positions out of 5000i,500n,10000p,200000b,80000s
</usr/share/texlive/texmf-dist/fonts/type1/public/amsfonts/cm/cmbx12.pfb></us
r/share/texlive/texmf-dist/fonts/type1/public/amsfonts/cm/cmcsc10.pfb></usr/sha
re/texlive/texmf-dist/fonts/type1/public/amsfonts/cm/cmex10.pfb></usr/share/tex
live/texmf-dist/fonts/type1/public/amsfonts/cm/cmmi12.pfb></usr/share/texlive/t
exmf-dist/fonts/type1/public/amsfonts/cm/cmmi8.pfb></usr/share/texlive/texmf-di
st/fonts/type1/public/amsfonts/cm/cmr10.pfb></usr/share/texlive/texmf-dist/font
s/type1/public/amsfonts/cm/cmr12.pfb></usr/share/texlive/texmf-dist/fonts/type1
/public/amsfonts/cm/cmr8.pfb></usr/share/texlive/texmf-dist/fonts/type1/public/
amsfonts/cm/cmsy10.pfb></usr/share/texlive/texmf-dist/fonts/type1/public/amsfon
ts/cm/cmtt12.pfb>
Output written on report.pdf (19 pages, 765226 bytes).
PDF statistics:
 133 PDF objects out of 1000 (max. 8388607)
 78 compressed objects within 1 object stream
 0 named destinations out of 1000 (max. 500000)
 76 words of extra memory for PDF output out of 10000 (max. 10000000)

