\BOOKMARK [1][-]{section.1}{Introduction}{}% 1
\BOOKMARK [1][-]{section.2}{Contact Point Generation}{}% 2
\BOOKMARK [2][-]{subsection.2.1}{The Gilbert Johnson Keerthi Distance Algorithm}{section.2}% 3
\BOOKMARK [2][-]{subsection.2.2}{Boundary Layer Expanded Meshes}{section.2}% 4
\BOOKMARK [1][-]{section.3}{Triangle Distance Problem}{}% 5
\BOOKMARK [2][-]{subsection.3.1}{Naive Approach \(Brute Force\)}{section.3}% 6
\BOOKMARK [3][-]{subsubsection.3.1.1}{Segment to Segment Minimum Distance }{subsection.3.1}% 7
\BOOKMARK [3][-]{subsubsection.3.1.2}{Point to Triangle Minimum Distance}{subsection.3.1}% 8
\BOOKMARK [3][-]{subsubsection.3.1.3}{Segment to Triangle Intersection}{subsection.3.1}% 9
\BOOKMARK [2][-]{subsection.3.2}{Iterative Approach}{section.3}% 10
\BOOKMARK [3][-]{subsubsection.3.2.1}{Barrier Method}{subsection.3.2}% 11
\BOOKMARK [3][-]{subsubsection.3.2.2}{Penalty Method}{subsection.3.2}% 12
\BOOKMARK [3][-]{subsubsection.3.2.3}{Augmented Lagrange Method}{subsection.3.2}% 13
\BOOKMARK [2][-]{subsection.3.3}{Line Search}{section.3}% 14
\BOOKMARK [3][-]{subsubsection.3.3.1}{Bisection Method}{subsection.3.3}% 15
\BOOKMARK [3][-]{subsubsection.3.3.2}{Golden Section Method}{subsection.3.3}% 16
\BOOKMARK [3][-]{subsubsection.3.3.3}{Fibbonacci Method}{subsection.3.3}% 17
\BOOKMARK [1][-]{section.4}{Implementation}{}% 18
\BOOKMARK [1][-]{section.5}{Performance}{}% 19
\BOOKMARK [1][-]{section.6}{Future Work}{}% 20
\BOOKMARK [1][-]{section.7}{Appendix}{}% 21
