-------------------------------------------------------------
-------------------------------------------------------------
CPU type:	Intel Core SandyBridge EP processor 
CPU clock:	2.00 GHz 
-------------------------------------------------------------
-------------------------------------------------------------
STREAM version $Revision: 1.3 $
-------------------------------------------------------------
This system uses 8 bytes per array element.
-------------------------------------------------------------
Array size = 80000000 (elements), Offset = 0 (elements)
Memory per array = 610.4 MiB (= 0.6 GiB).
Total memory required = 1831.1 MiB (= 1.8 GiB).
Each kernel will be executed 10 times.
 The *best* time for each kernel (excluding the first iteration)
 will be used to compute the reported bandwidth.
-------------------------------------------------------------
Your clock granularity/precision appears to be 1 microseconds.
Each test below will take on the order of 69983 microseconds.
   (= 69983 clock ticks)
Increase the size of the arrays if this shows that
you are not getting at least 20 clock ticks per test.
-------------------------------------------------------------
WARNING -- The above is only a rough guideline.
For best results, please be sure you know the
precision of your system timer.
-------------------------------------------------------------
Function    Best Rate MB/s  Avg time     Min time     Max time
Copy:            6829.5     0.187729     0.187422     0.188218
Scale:           7131.4     0.179879     0.179487     0.180329
Add:             9094.2     0.211449     0.211124     0.212109
Triad:           9175.9     0.209646     0.209243     0.210122
-------------------------------------------------------------
Solution Validates: avg error less than 1.000000e-13 on all three arrays
-------------------------------------------------------------
Measuring group MEM
+-----------------------+-------------+
|         Event         |   core 1    |
+-----------------------+-------------+
|   INSTR_RETIRED_ANY   | 5.07298e+09 |
| CPU_CLK_UNHALTED_CORE | 2.38719e+10 |
| CPU_CLK_UNHALTED_REF  | 1.70913e+10 |
|     CAS_COUNT_RD      |      0      |
|     CAS_COUNT_WR      |      0      |
|     CAS_COUNT_RD      |      0      |
|     CAS_COUNT_WR      |      0      |
|     CAS_COUNT_RD      | 3.38153e+08 |
|     CAS_COUNT_WR      | 2.41176e+08 |
|     CAS_COUNT_RD      | 3.44616e+08 |
|     CAS_COUNT_WR      | 2.43786e+08 |
+-----------------------+-------------+
+-----------------------------+---------+
|           Metric            | core 1  |
+-----------------------------+---------+
|     Runtime (RDTSC) [s]     | 8.97185 |
|    Runtime unhalted [s]     | 11.9366 |
|         Clock [MHz]         | 2793.31 |
|             CPI             | 4.7057  |
|  Memory Read BW [MBytes/s]  | 4870.48 |
| Memory Write BW [MBytes/s]  | 3459.44 |
|    Memory BW [MBytes/s]     | 8329.92 |
| Memory data volume [GBytes] | 74.7348 |
+-----------------------------+---------+
