-------------------------------------------------------------
-------------------------------------------------------------
CPU type:	Intel Core SandyBridge EP processor 
CPU clock:	2.00 GHz 
-------------------------------------------------------------
-------------------------------------------------------------
STREAM version $Revision: 1.3 $
-------------------------------------------------------------
This system uses 8 bytes per array element.
-------------------------------------------------------------
Array size = 80000000 (elements), Offset = 0 (elements)
Memory per array = 610.4 MiB (= 0.6 GiB).
Total memory required = 1831.1 MiB (= 1.8 GiB).
Each kernel will be executed 10 times.
 The *best* time for each kernel (excluding the first iteration)
 will be used to compute the reported bandwidth.
-------------------------------------------------------------
Your clock granularity/precision appears to be 1 microseconds.
Each test below will take on the order of 70043 microseconds.
   (= 70043 clock ticks)
Increase the size of the arrays if this shows that
you are not getting at least 20 clock ticks per test.
-------------------------------------------------------------
WARNING -- The above is only a rough guideline.
For best results, please be sure you know the
precision of your system timer.
-------------------------------------------------------------
Function    Best Rate MB/s  Avg time     Min time     Max time
Copy:            6826.4     0.188033     0.187508     0.189285
Scale:           7126.9     0.180070     0.179600     0.180833
Add:             9102.4     0.211502     0.210933     0.212423
Triad:           9172.2     0.209770     0.209329     0.210326
-------------------------------------------------------------
Solution Validates: avg error less than 1.000000e-13 on all three arrays
-------------------------------------------------------------
Measuring group FLOPS_DP
+--------------------------------------+-------------+
|                Event                 |   core 1    |
+--------------------------------------+-------------+
|          INSTR_RETIRED_ANY           | 5.07299e+09 |
|        CPU_CLK_UNHALTED_CORE         | 2.38971e+10 |
|         CPU_CLK_UNHALTED_REF         | 1.70704e+10 |
| FP_COMP_OPS_EXE_SSE_FP_PACKED_DOUBLE |     85      |
| FP_COMP_OPS_EXE_SSE_FP_SCALAR_DOUBLE |    3786     |
|      SIMD_FP_256_PACKED_DOUBLE       | 4.07034e+09 |
+--------------------------------------+-------------+
+----------------------+-------------+
|        Metric        |   core 1    |
+----------------------+-------------+
| Runtime (RDTSC) [s]  |   8.93314   |
| Runtime unhalted [s] |   11.9499   |
|     Clock [MHz]      |   2799.51   |
|         CPI          |   4.71065   |
|       MFlops/s       |   1822.58   |
|   32b AVX MFlops/s   |   1822.58   |
|    Packed MUOPS/s    |   455.645   |
|    Scalar MUOPS/s    | 0.000423815 |
+----------------------+-------------+
